This file contains any messages produced by compilers while
running configure, to aid debugging if configure makes a mistake.

It was created by tcl configure 8.5, which was
generated by GNU Autoconf 2.71.  Invocation command line was

  $ ./configure --enable-gcc --disable-shared --prefix=/home/prod/lesgo/ns-allinone-2.35

## --------- ##
## Platform. ##
## --------- ##

hostname = LAPTOP-21T9K94A
uname -m = x86_64
uname -r = 5.15.90.1-microsoft-standard-WSL2
uname -s = Linux
uname -v = #1 SMP Fri Jan 27 02:56:13 UTC 2023

/usr/bin/uname -p = x86_64
/bin/uname -X     = unknown

/bin/arch              = x86_64
/usr/bin/arch -k       = unknown
/usr/convex/getsysinfo = unknown
/usr/bin/hostinfo      = unknown
/bin/machine           = unknown
/usr/bin/oslevel       = unknown
/bin/universe          = unknown

PATH: /home/prod/lesgo/ns-allinone-2.35/bin/
PATH: /home/prod/.local/bin/
PATH: /usr/local/sbin/
PATH: /usr/local/bin/
PATH: /usr/sbin/
PATH: /usr/bin/
PATH: /sbin/
PATH: /bin/
PATH: /usr/games/
PATH: /usr/local/games/
PATH: /usr/lib/wsl/lib/
PATH: /mnt/c/Users/DHRUBIT HAJONG/AppData/Local/Programs/Python/Python311/Scripts/
PATH: /mnt/c/Users/DHRUBIT HAJONG/AppData/Local/Programs/Python/Python311/
PATH: /mnt/c/windows/system32/
PATH: /mnt/c/windows/
PATH: /mnt/c/windows/System32/Wbem/
PATH: /mnt/c/windows/System32/WindowsPowerShell/v1.0/
PATH: /mnt/c/windows/System32/OpenSSH/
PATH: /mnt/c/Program Files (x86)/NVIDIA Corporation/PhysX/Common/
PATH: /mnt/c/Program Files/NVIDIA Corporation/NVIDIA NvDLISR/
PATH: /mnt/c/WINDOWS/system32/
PATH: /mnt/c/WINDOWS/
PATH: /mnt/c/WINDOWS/System32/Wbem/
PATH: /mnt/c/WINDOWS/System32/WindowsPowerShell/v1.0/
PATH: /mnt/c/WINDOWS/System32/OpenSSH/
PATH: /mnt/c/gtkwave/bin/
PATH: /mnt/c/MinGW/bin/
PATH: /mnt/c/Program Files/nodejs/
PATH: /mnt/c/ProgramData/chocolatey/bin/
PATH: /mnt/c/Program Files/nodejs/
PATH: /mnt/c/Program Files (x86)/Windows Kits/10/Windows Performance Toolkit/
PATH: /mnt/c/Program Files/Git/cmd/
PATH: /mnt/c/Program Files/MySQL/MySQL Server 8.0/bin/
PATH: /mnt/c/Program Files/MySQL/MySQL Shell 8.0/bin/
PATH: /mnt/c/Users/DHRUBIT HAJONG/AppData/Local/Microsoft/WindowsApps/
PATH: /mnt/d/CodeBlocks/MinGW/bin/
PATH: /mnt/f/IntelliJ IDEA 2021.3.2/bin/
PATH: /mnt/c/Users/DHRUBIT HAJONG/AppData/Local/Programs/Microsoft VS Code/bin/
PATH: /mnt/c/Users/DHRUBIT HAJONG/AppData/Roaming/npm/
PATH: /mnt/c/Users/DHRUBIT HAJONG/AppData/Local/GitHubDesktop/bin/
PATH: /snap/bin/


## ----------- ##
## Core tests. ##
## ----------- ##

configure:2631: checking whether to use symlinks for manpages
configure:2641: result: no
configure:2644: checking whether to compress the manpages
configure:2658: result: no
configure:2672: checking whether to add a package name suffix for the manpages
configure:2686: result: no
configure:2764: checking for gcc
configure:2796: result: gcc-4.8
configure:3149: checking for C compiler version
configure:3158: gcc-4.8 --version >&5
./configure: line 3160: gcc-4.8: command not found
configure:3169: $? = 127
configure:3158: gcc-4.8 -v >&5
./configure: line 3160: gcc-4.8: command not found
configure:3169: $? = 127
configure:3158: gcc-4.8 -V >&5
./configure: line 3160: gcc-4.8: command not found
configure:3169: $? = 127
configure:3158: gcc-4.8 -qversion >&5
./configure: line 3160: gcc-4.8: command not found
configure:3169: $? = 127
configure:3158: gcc-4.8 -version >&5
./configure: line 3160: gcc-4.8: command not found
configure:3169: $? = 127
configure:3189: checking whether the C compiler works
configure:3211: gcc-4.8    conftest.c  >&5
./configure: line 3213: gcc-4.8: command not found
configure:3215: $? = 127
configure:3255: result: no
configure: failed program was:
| /* confdefs.h */
| #define PACKAGE_NAME "tcl"
| #define PACKAGE_TARNAME "tcl"
| #define PACKAGE_VERSION "8.5"
| #define PACKAGE_STRING "tcl 8.5"
| #define PACKAGE_BUGREPORT ""
| #define PACKAGE_URL ""
| /* end confdefs.h.  */
| 
| int
| main (void)
| {
| 
|   ;
|   return 0;
| }
configure:3260: error: in `/home/prod/lesgo/ns-allinone-2.35/tcl8.5.10/unix':
configure:3262: error: C compiler cannot create executables
See `config.log' for more details

## ---------------- ##
## Cache variables. ##
## ---------------- ##

ac_cv_env_CC_set=set
ac_cv_env_CC_value=gcc-4.8
ac_cv_env_CFLAGS_set=
ac_cv_env_CFLAGS_value=
ac_cv_env_CPPFLAGS_set=
ac_cv_env_CPPFLAGS_value=
ac_cv_env_CPP_set=
ac_cv_env_CPP_value=
ac_cv_env_LDFLAGS_set=
ac_cv_env_LDFLAGS_value=
ac_cv_env_LIBS_set=
ac_cv_env_LIBS_value=
ac_cv_env_build_alias_set=
ac_cv_env_build_alias_value=
ac_cv_env_host_alias_set=
ac_cv_env_host_alias_value=
ac_cv_env_target_alias_set=
ac_cv_env_target_alias_value=
ac_cv_prog_ac_ct_CC=gcc-4.8

## ----------------- ##
## Output variables. ##
## ----------------- ##

AR=''
BUILD_DLTEST=''
CC='gcc-4.8'
CC_SEARCH_FLAGS=''
CFG_TCL_SHARED_LIB_SUFFIX=''
CFG_TCL_UNSHARED_LIB_SUFFIX=''
CFLAGS=''
CFLAGS_DEBUG=''
CFLAGS_DEFAULT=''
CFLAGS_OPTIMIZE=''
CFLAGS_WARNING=''
CPP=''
CPPFLAGS=''
DEFS=''
DLTEST_LD=''
DLTEST_SUFFIX=''
DL_LIBS=''
DL_OBJS=''
DTRACE=''
DTRACE_HDR=''
DTRACE_OBJ=''
DTRACE_SRC=''
ECHO_C=''
ECHO_N='-n'
ECHO_T=''
EGREP=''
EXEEXT=''
EXTRA_APP_CC_SWITCHES=''
EXTRA_BUILD_HTML=''
EXTRA_CC_SWITCHES=''
EXTRA_INSTALL=''
EXTRA_INSTALL_BINARIES=''
EXTRA_TCLSH_LIBS=''
GREP=''
HTML_DIR=''
INSTALL_LIB=''
INSTALL_STUB_LIB=''
INSTALL_TZDATA=''
LDAIX_SRC=''
LDFLAGS=''
LDFLAGS_DEBUG=''
LDFLAGS_DEFAULT=''
LDFLAGS_OPTIMIZE=''
LD_LIBRARY_PATH_VAR=''
LD_SEARCH_FLAGS=''
LIBOBJS=''
LIBS=''
MAKEFILE_SHELL=''
MAKE_LIB=''
MAKE_STUB_LIB=''
MAN_FLAGS=''
OBJEXT=''
PACKAGE_BUGREPORT=''
PACKAGE_NAME='tcl'
PACKAGE_STRING='tcl 8.5'
PACKAGE_TARNAME='tcl'
PACKAGE_URL=''
PACKAGE_VERSION='8.5'
PATH_SEPARATOR=':'
PLAT_OBJS=''
PLAT_SRCS=''
PRIVATE_INCLUDE_DIR=''
RANLIB=''
SHELL='/bin/bash'
SHLIB_CFLAGS=''
SHLIB_LD=''
SHLIB_LD_LIBS=''
SHLIB_SUFFIX=''
STLIB_LD=''
TCL_BUILD_LIB_SPEC=''
TCL_BUILD_STUB_LIB_PATH=''
TCL_BUILD_STUB_LIB_SPEC=''
TCL_HAS_LONGLONG=''
TCL_INCLUDE_SPEC=''
TCL_LIBRARY=''
TCL_LIBS=''
TCL_LIB_FILE=''
TCL_LIB_FLAG=''
TCL_LIB_SPEC=''
TCL_LIB_VERSIONS_OK=''
TCL_MAJOR_VERSION='8'
TCL_MINOR_VERSION='5'
TCL_MODULE_PATH=''
TCL_PACKAGE_PATH=''
TCL_PATCH_LEVEL='.10'
TCL_SHARED_BUILD=''
TCL_SHARED_LIB_SUFFIX=''
TCL_SHLIB_LD_EXTRAS=''
TCL_SRC_DIR='/home/prod/lesgo/ns-allinone-2.35/tcl8.5.10'
TCL_STUB_LIB_FILE=''
TCL_STUB_LIB_FLAG=''
TCL_STUB_LIB_PATH=''
TCL_STUB_LIB_SPEC=''
TCL_THREADS=''
TCL_UNSHARED_LIB_SUFFIX=''
TCL_VERSION='8.5'
TCL_YEAR=''
TK_SHLIB_LD_EXTRAS=''
ac_ct_CC='gcc-4.8'
bindir='${exec_prefix}/bin'
build_alias=''
datadir='${datarootdir}'
datarootdir='${prefix}/share'
docdir='${datarootdir}/doc/${PACKAGE_TARNAME}'
dvidir='${docdir}'
exec_prefix='/home/prod/lesgo/ns-allinone-2.35'
host_alias=''
htmldir='${docdir}'
includedir='${prefix}/include'
infodir='${datarootdir}/info'
libdir='${exec_prefix}/lib'
libexecdir='${exec_prefix}/libexec'
localedir='${datarootdir}/locale'
localstatedir='${prefix}/var'
mandir='${datarootdir}/man'
oldincludedir='/usr/include'
pdfdir='${docdir}'
prefix='/home/prod/lesgo/ns-allinone-2.35'
program_transform_name='s,x,x,'
psdir='${docdir}'
runstatedir='${localstatedir}/run'
sbindir='${exec_prefix}/sbin'
sharedstatedir='${prefix}/com'
sysconfdir='${prefix}/etc'
target_alias=''

## ----------- ##
## confdefs.h. ##
## ----------- ##

/* confdefs.h */
#define PACKAGE_NAME "tcl"
#define PACKAGE_TARNAME "tcl"
#define PACKAGE_VERSION "8.5"
#define PACKAGE_STRING "tcl 8.5"
#define PACKAGE_BUGREPORT ""
#define PACKAGE_URL ""

configure: exit 77
